2022-05-30 09:23:53 [217.144.172.250][-][phphuqgd8jlml3ae25esckqsp4][error][yii\base\ViewNotFoundException] yii\base\ViewNotFoundException: The view file does not exist: /sites/api.voronka-app.ru/yii2/frontend/config/views/site/index.php in /sites/api.voronka-app.ru/yii2/vendor/yiisoft/yii2/base/View.php:252
Stack trace:
#0 /sites/api.voronka-app.ru/yii2/vendor/yiisoft/yii2/base/View.php(159): yii\base\View->renderFile('/sites/api.voro...', Array, Object(frontend\controllers\SiteController))
#1 /sites/api.voronka-app.ru/yii2/vendor/yiisoft/yii2/base/Controller.php(407): yii\base\View->render('index', Array, Object(frontend\controllers\SiteController))
#2 /sites/api.voronka-app.ru/yii2/frontend/controllers/SiteController.php(77): yii\base\Controller->render('index')
#3 [internal function]: frontend\controllers\SiteController->actionIndex()
#4 /sites/api.voronka-app.ru/yii2/vendor/yiisoft/yii2/base/InlineAction.php(57): call_user_func_array(Array, Array)
#5 /sites/api.voronka-app.ru/yii2/vendor/yiisoft/yii2/base/Controller.php(178): yii\base\InlineAction->runWithParams(Array)
#6 /sites/api.voronka-app.ru/yii2/vendor/yiisoft/yii2/base/Module.php(552): yii\base\Controller->runAction('', Array)
#7 /sites/api.voronka-app.ru/yii2/vendor/yiisoft/yii2/web/Application.php(103): yii\base\Module->runAction('', Array)
#8 /sites/api.voronka-app.ru/yii2/vendor/yiisoft/yii2/base/Application.php(384): yii\web\Application->handleRequest(Object(yii\web\Request))
#9 /sites/api.voronka-app.ru/yii2/frontend/web/index.php(17): yii\base\Application->run()
#10 /sites/api.voronka-app.ru/public_html/index.php(14): require('/sites/api.voro...')
#11 {main}
2022-05-30 09:23:53 [217.144.172.250][-][phphuqgd8jlml3ae25esckqsp4][warning][yii\debug\Module::checkAccess] Access to debugger is denied due to IP address restriction. The requesting IP address is 217.144.172.250
2022-05-30 09:23:53 [217.144.172.250][-][phphuqgd8jlml3ae25esckqsp4][warning][yii\debug\Module::checkAccess] Access to debugger is denied due to IP address restriction. The requesting IP address is 217.144.172.250
2022-05-30 09:23:53 [217.144.172.250][-][phphuqgd8jlml3ae25esckqsp4][info][application] $_GET = []

$_POST = []

$_FILES = []

$_COOKIE = [
    'advanced-frontend' => 'qb9gdjt06m3nkkvemat3oem7mp'
    '_csrf-frontend' => '7ac1d68701b7602f0234013df28a4b152509141bbffd6f5274fb61e19f8fcb05a:2:{i:0;s:14:\"_csrf-frontend\";i:1;s:32:\"mF4Ma-QWPaqbCp351qr_B05kBt5A4wom\";}'
    'front_s' => 'phphuqgd8jlml3ae25esckqsp4'
    '_csrf' => 'd2c174b11f71111dcfa14f844bd60d75f10249d3d665502c07962a7195f327e4a:2:{i:0;s:5:\"_csrf\";i:1;s:32:\"vO8oZYzXKLdrRM6pbNkrzc22rVjD88Az\";}'
]

$_SESSION = [
    '__flash' => []
]

$_SERVER = [
    'USER' => 'api'
    'HOME' => '/home/api/./sites'
    'SCRIPT_NAME' => '/index.php'
    'REQUEST_URI' => '/'
    'QUERY_STRING' => ''
    'REQUEST_METHOD' => 'GET'
    'SERVER_PROTOCOL' => 'HTTP/1.1'
    'GATEWAY_INTERFACE' => 'CGI/1.1'
    'REMOTE_PORT' => '53386'
    'SCRIPT_FILENAME' => '/sites/api.voronka-app.ru/public_html/index.php'
    'SERVER_ADMIN' => 'root@localhost'
    'CONTEXT_DOCUMENT_ROOT' => '/home/api/sites/api.voronka-app.ru/public_html'
    'CONTEXT_PREFIX' => ''
    'REQUEST_SCHEME' => 'http'
    'DOCUMENT_ROOT' => '/home/api/sites/api.voronka-app.ru/public_html'
    'REMOTE_ADDR' => '217.144.172.250'
    'SERVER_PORT' => '80'
    'SERVER_ADDR' => '37.46.129.121'
    'SERVER_NAME' => 'api.voronka-app.ru'
    'SERVER_SOFTWARE' => 'Apache'
    'SERVER_SIGNATURE' => ''
    'PATH' => '/usr/local/sbin:/usr/local/bin:/usr/sbin:/usr/bin'
    'HTTP_COOKIE' => 'advanced-frontend=qb9gdjt06m3nkkvemat3oem7mp; _csrf-frontend=7ac1d68701b7602f0234013df28a4b152509141bbffd6f5274fb61e19f8fcb05a%3A2%3A%7Bi%3A0%3Bs%3A14%3A%22_csrf-frontend%22%3Bi%3A1%3Bs%3A32%3A%22mF4Ma-QWPaqbCp351qr_B05kBt5A4wom%22%3B%7D; front_s=phphuqgd8jlml3ae25esckqsp4; _csrf=d2c174b11f71111dcfa14f844bd60d75f10249d3d665502c07962a7195f327e4a%3A2%3A%7Bi%3A0%3Bs%3A5%3A%22_csrf%22%3Bi%3A1%3Bs%3A32%3A%22vO8oZYzXKLdrRM6pbNkrzc22rVjD88Az%22%3B%7D'
    'HTTP_ACCEPT_LANGUAGE' => 'ru-RU,ru;q=0.9,en-US;q=0.8,en;q=0.7'
    'HTTP_ACCEPT_ENCODING' => 'gzip, deflate'
    'HTTP_ACCEPT' => 'text/html,application/xhtml+xml,application/xml;q=0.9,image/avif,image/webp,image/apng,*/*;q=0.8,application/signed-exchange;v=b3;q=0.9'
    'HTTP_USER_AGENT' => 'Mozilla/5.0 (Windows NT 10.0; Win64; x64) AppleWebKit/537.36 (KHTML, like Gecko) Chrome/101.0.4951.67 Safari/537.36'
    'HTTP_UPGRADE_INSECURE_REQUESTS' => '1'
    'HTTP_CACHE_CONTROL' => 'max-age=0'
    'HTTP_CONNECTION' => 'keep-alive'
    'HTTP_HOST' => 'api.voronka-app.ru'
    'proxy-nokeepalive' => '1'
    'UNIQUE_ID' => 'YpSNKe@S@x7DjmtvxomE3AAAAMQ'
    'FCGI_ROLE' => 'RESPONDER'
    'PHP_SELF' => '/index.php'
    'REQUEST_TIME_FLOAT' => 1653902633.4738
    'REQUEST_TIME' => 1653902633
]
